INFO [2022-10-18 09:40:52] [[1]]
INFO [2022-10-18 09:40:52] list_genes_sel
INFO [2022-10-18 09:40:52] 
INFO [2022-10-18 09:40:52] $category.names
INFO [2022-10-18 09:40:52] namescomp_plot
INFO [2022-10-18 09:40:52] 
INFO [2022-10-18 09:40:52] $fill
INFO [2022-10-18 09:40:52] colors
INFO [2022-10-18 09:40:52] 
INFO [2022-10-18 09:40:52] $alpha
INFO [2022-10-18 09:40:52] trans
INFO [2022-10-18 09:40:52] 
INFO [2022-10-18 09:40:52] $resolution
INFO [2022-10-18 09:40:52] [1] 800
INFO [2022-10-18 09:40:52] 
INFO [2022-10-18 09:40:52] $cat.cex
INFO [2022-10-18 09:40:52] cex1
INFO [2022-10-18 09:40:52] 
INFO [2022-10-18 09:40:52] $cex
INFO [2022-10-18 09:40:52] cex2
INFO [2022-10-18 09:40:52] 
INFO [2022-10-18 09:40:52] $main.cex
INFO [2022-10-18 09:40:52] cex2
INFO [2022-10-18 09:40:52] 
INFO [2022-10-18 09:40:52] $main
INFO [2022-10-18 09:40:52] titulo
INFO [2022-10-18 09:40:52] 
INFO [2022-10-18 09:40:52] $filename
INFO [2022-10-18 09:40:52] NULL
INFO [2022-10-18 09:40:52] 
INFO [2022-10-18 09:40:52] $rotation.degree
INFO [2022-10-18 09:40:52] rotation
INFO [2022-10-18 09:40:52] 
INFO [2022-10-18 09:40:52] $cat.pos
INFO [2022-10-18 09:40:52] position
INFO [2022-10-18 09:40:52] 
