INFO [2022-11-08 10:52:23] [[1]]
INFO [2022-11-08 10:52:23] list_genes_sel
INFO [2022-11-08 10:52:23] 
INFO [2022-11-08 10:52:23] $category.names
INFO [2022-11-08 10:52:23] namescomp_plot
INFO [2022-11-08 10:52:23] 
INFO [2022-11-08 10:52:23] $fill
INFO [2022-11-08 10:52:23] colors
INFO [2022-11-08 10:52:23] 
INFO [2022-11-08 10:52:23] $alpha
INFO [2022-11-08 10:52:23] trans
INFO [2022-11-08 10:52:23] 
INFO [2022-11-08 10:52:23] $resolution
INFO [2022-11-08 10:52:23] [1] 800
INFO [2022-11-08 10:52:23] 
INFO [2022-11-08 10:52:23] $cat.cex
INFO [2022-11-08 10:52:23] cex1
INFO [2022-11-08 10:52:23] 
INFO [2022-11-08 10:52:23] $cex
INFO [2022-11-08 10:52:23] cex2
INFO [2022-11-08 10:52:23] 
INFO [2022-11-08 10:52:23] $main.cex
INFO [2022-11-08 10:52:23] cex2
INFO [2022-11-08 10:52:23] 
INFO [2022-11-08 10:52:23] $main
INFO [2022-11-08 10:52:23] titulo
INFO [2022-11-08 10:52:23] 
INFO [2022-11-08 10:52:23] $filename
INFO [2022-11-08 10:52:23] NULL
INFO [2022-11-08 10:52:23] 
INFO [2022-11-08 10:52:23] $rotation.degree
INFO [2022-11-08 10:52:23] rotation
INFO [2022-11-08 10:52:23] 
INFO [2022-11-08 10:52:23] $cat.pos
INFO [2022-11-08 10:52:23] position
INFO [2022-11-08 10:52:23] 
INFO [2022-11-08 10:52:23] [[13]]
INFO [2022-11-08 10:52:23] ...
INFO [2022-11-08 10:52:23] 
