INFO [2022-10-18 14:01:44] [[1]]
INFO [2022-10-18 14:01:44] list_genes_sel
INFO [2022-10-18 14:01:44] 
INFO [2022-10-18 14:01:44] $category.names
INFO [2022-10-18 14:01:44] namescomp_plot
INFO [2022-10-18 14:01:44] 
INFO [2022-10-18 14:01:44] $fill
INFO [2022-10-18 14:01:44] colors
INFO [2022-10-18 14:01:44] 
INFO [2022-10-18 14:01:44] $alpha
INFO [2022-10-18 14:01:44] trans
INFO [2022-10-18 14:01:44] 
INFO [2022-10-18 14:01:44] $resolution
INFO [2022-10-18 14:01:44] [1] 800
INFO [2022-10-18 14:01:44] 
INFO [2022-10-18 14:01:44] $cat.cex
INFO [2022-10-18 14:01:44] cex1
INFO [2022-10-18 14:01:44] 
INFO [2022-10-18 14:01:44] $cex
INFO [2022-10-18 14:01:44] cex2
INFO [2022-10-18 14:01:44] 
INFO [2022-10-18 14:01:44] $main.cex
INFO [2022-10-18 14:01:44] cex2
INFO [2022-10-18 14:01:44] 
INFO [2022-10-18 14:01:44] $main
INFO [2022-10-18 14:01:44] titulo
INFO [2022-10-18 14:01:44] 
INFO [2022-10-18 14:01:44] $filename
INFO [2022-10-18 14:01:44] NULL
INFO [2022-10-18 14:01:44] 
INFO [2022-10-18 14:01:44] $rotation.degree
INFO [2022-10-18 14:01:44] rotation
INFO [2022-10-18 14:01:44] 
INFO [2022-10-18 14:01:44] $cat.pos
INFO [2022-10-18 14:01:44] position
INFO [2022-10-18 14:01:44] 
