INFO [2022-10-18 13:33:04] [[1]]
INFO [2022-10-18 13:33:04] list_genes_sel
INFO [2022-10-18 13:33:04] 
INFO [2022-10-18 13:33:04] $category.names
INFO [2022-10-18 13:33:04] namescomp_plot
INFO [2022-10-18 13:33:04] 
INFO [2022-10-18 13:33:04] $fill
INFO [2022-10-18 13:33:04] colors
INFO [2022-10-18 13:33:04] 
INFO [2022-10-18 13:33:04] $alpha
INFO [2022-10-18 13:33:04] trans
INFO [2022-10-18 13:33:04] 
INFO [2022-10-18 13:33:04] $resolution
INFO [2022-10-18 13:33:04] [1] 800
INFO [2022-10-18 13:33:04] 
INFO [2022-10-18 13:33:04] $cat.cex
INFO [2022-10-18 13:33:04] cex1
INFO [2022-10-18 13:33:04] 
INFO [2022-10-18 13:33:04] $cex
INFO [2022-10-18 13:33:04] cex2
INFO [2022-10-18 13:33:04] 
INFO [2022-10-18 13:33:04] $main.cex
INFO [2022-10-18 13:33:04] cex2
INFO [2022-10-18 13:33:04] 
INFO [2022-10-18 13:33:04] $main
INFO [2022-10-18 13:33:04] titulo
INFO [2022-10-18 13:33:04] 
INFO [2022-10-18 13:33:04] $filename
INFO [2022-10-18 13:33:04] NULL
INFO [2022-10-18 13:33:04] 
INFO [2022-10-18 13:33:04] $rotation.degree
INFO [2022-10-18 13:33:04] rotation
INFO [2022-10-18 13:33:04] 
INFO [2022-10-18 13:33:04] $cat.pos
INFO [2022-10-18 13:33:04] position
INFO [2022-10-18 13:33:04] 
