INFO [2022-10-18 12:50:35] [[1]]
INFO [2022-10-18 12:50:35] list_genes_sel
INFO [2022-10-18 12:50:35] 
INFO [2022-10-18 12:50:35] $category.names
INFO [2022-10-18 12:50:35] namescomp_plot
INFO [2022-10-18 12:50:35] 
INFO [2022-10-18 12:50:35] $fill
INFO [2022-10-18 12:50:35] colors
INFO [2022-10-18 12:50:35] 
INFO [2022-10-18 12:50:35] $alpha
INFO [2022-10-18 12:50:35] trans
INFO [2022-10-18 12:50:35] 
INFO [2022-10-18 12:50:35] $resolution
INFO [2022-10-18 12:50:35] [1] 800
INFO [2022-10-18 12:50:35] 
INFO [2022-10-18 12:50:35] $cat.cex
INFO [2022-10-18 12:50:35] cex1
INFO [2022-10-18 12:50:35] 
INFO [2022-10-18 12:50:35] $cex
INFO [2022-10-18 12:50:35] cex2
INFO [2022-10-18 12:50:35] 
INFO [2022-10-18 12:50:35] $main.cex
INFO [2022-10-18 12:50:35] cex2
INFO [2022-10-18 12:50:35] 
INFO [2022-10-18 12:50:35] $main
INFO [2022-10-18 12:50:35] titulo
INFO [2022-10-18 12:50:35] 
INFO [2022-10-18 12:50:35] $filename
INFO [2022-10-18 12:50:35] NULL
INFO [2022-10-18 12:50:35] 
INFO [2022-10-18 12:50:35] $rotation.degree
INFO [2022-10-18 12:50:35] rotation
INFO [2022-10-18 12:50:35] 
INFO [2022-10-18 12:50:35] $cat.pos
INFO [2022-10-18 12:50:35] position
INFO [2022-10-18 12:50:35] 
