INFO [2022-10-18 13:55:34] [[1]]
INFO [2022-10-18 13:55:34] list_genes_sel
INFO [2022-10-18 13:55:34] 
INFO [2022-10-18 13:55:34] $category.names
INFO [2022-10-18 13:55:34] namescomp_plot
INFO [2022-10-18 13:55:34] 
INFO [2022-10-18 13:55:34] $fill
INFO [2022-10-18 13:55:34] colors
INFO [2022-10-18 13:55:34] 
INFO [2022-10-18 13:55:34] $alpha
INFO [2022-10-18 13:55:34] trans
INFO [2022-10-18 13:55:34] 
INFO [2022-10-18 13:55:34] $resolution
INFO [2022-10-18 13:55:34] [1] 800
INFO [2022-10-18 13:55:34] 
INFO [2022-10-18 13:55:34] $cat.cex
INFO [2022-10-18 13:55:34] cex1
INFO [2022-10-18 13:55:34] 
INFO [2022-10-18 13:55:34] $cex
INFO [2022-10-18 13:55:34] cex2
INFO [2022-10-18 13:55:34] 
INFO [2022-10-18 13:55:34] $main.cex
INFO [2022-10-18 13:55:34] cex2
INFO [2022-10-18 13:55:34] 
INFO [2022-10-18 13:55:34] $main
INFO [2022-10-18 13:55:34] titulo
INFO [2022-10-18 13:55:34] 
INFO [2022-10-18 13:55:34] $filename
INFO [2022-10-18 13:55:34] NULL
INFO [2022-10-18 13:55:34] 
INFO [2022-10-18 13:55:34] $rotation.degree
INFO [2022-10-18 13:55:34] rotation
INFO [2022-10-18 13:55:34] 
INFO [2022-10-18 13:55:34] $cat.pos
INFO [2022-10-18 13:55:34] position
INFO [2022-10-18 13:55:34] 
