INFO [2022-10-18 13:45:18] [[1]]
INFO [2022-10-18 13:45:18] list_genes_sel
INFO [2022-10-18 13:45:18] 
INFO [2022-10-18 13:45:18] $category.names
INFO [2022-10-18 13:45:18] namescomp_plot
INFO [2022-10-18 13:45:18] 
INFO [2022-10-18 13:45:18] $fill
INFO [2022-10-18 13:45:18] colors
INFO [2022-10-18 13:45:18] 
INFO [2022-10-18 13:45:18] $alpha
INFO [2022-10-18 13:45:18] trans
INFO [2022-10-18 13:45:18] 
INFO [2022-10-18 13:45:18] $resolution
INFO [2022-10-18 13:45:18] [1] 800
INFO [2022-10-18 13:45:18] 
INFO [2022-10-18 13:45:18] $cat.cex
INFO [2022-10-18 13:45:18] cex1
INFO [2022-10-18 13:45:18] 
INFO [2022-10-18 13:45:18] $cex
INFO [2022-10-18 13:45:18] cex2
INFO [2022-10-18 13:45:18] 
INFO [2022-10-18 13:45:18] $main.cex
INFO [2022-10-18 13:45:18] cex2
INFO [2022-10-18 13:45:18] 
INFO [2022-10-18 13:45:18] $main
INFO [2022-10-18 13:45:18] titulo
INFO [2022-10-18 13:45:18] 
INFO [2022-10-18 13:45:18] $filename
INFO [2022-10-18 13:45:18] NULL
INFO [2022-10-18 13:45:18] 
INFO [2022-10-18 13:45:18] $rotation.degree
INFO [2022-10-18 13:45:18] rotation
INFO [2022-10-18 13:45:18] 
INFO [2022-10-18 13:45:18] $cat.pos
INFO [2022-10-18 13:45:18] position
INFO [2022-10-18 13:45:18] 
